<?xml version="1.0" encoding="UTF-8"?>
<testng-results ignored="2" total="7" passed="4" failed="1" skipped="0">
  <reporter-output>
  </reporter-output>
  <suite started-at="2022-07-09T23:44:44 IST" name="Default suite" finished-at="2022-07-09T23:45:30 IST" duration-ms="45976">
    <groups>
    </groups>
    <test started-at="2022-07-09T23:44:44 IST" name="Default test" finished-at="2022-07-09T23:45:30 IST" duration-ms="45976">
      <class name="com.testdemo.unittest.login">
        <test-method signature="login_home()[pri:0, instance:com.testdemo.unittest.login@be64738]" started-at="2022-07-09T23:44:44 IST" name="login_home" finished-at="2022-07-09T23:44:44 IST" duration-ms="35" status="FAIL">
          <exception class="java.lang.NullPointerException">
            <message>
              <![CDATA[Cannot invoke "org.apache.poi.xssf.usermodel.XSSFWorkbook.getSheet(String)" because "com.testdemo.DataProvider.ExcelDataProvider.wb" is null]]>
            </message>
            <full-stacktrace>
              <![CDATA[java.lang.NullPointerException: Cannot invoke "org.apache.poi.xssf.usermodel.XSSFWorkbook.getSheet(String)" because "com.testdemo.DataProvider.ExcelDataProvider.wb" is null
at com.testdemo.DataProvider.ExcelDataProvider.ExcelDatavalue(ExcelDataProvider.java:40)
at com.testdemo.unittest.login.login_home(login.java:12)
at java.base/jdk.internal.reflect.DirectMethodHandleAccessor.invoke(DirectMethodHandleAccessor.java:104)
at java.base/java.lang.reflect.Method.invoke(Method.java:577)
at org.testng.internal.MethodInvocationHelper.invokeMethod(MethodInvocationHelper.java:132)
at org.testng.internal.TestInvoker.invokeMethod(TestInvoker.java:599)
at org.testng.internal.TestInvoker.invokeTestMethod(TestInvoker.java:174)
at org.testng.internal.MethodRunner.runInSequence(MethodRunner.java:46)
at org.testng.internal.TestInvoker$MethodInvocationAgent.invoke(TestInvoker.java:822)
at org.testng.internal.TestInvoker.invokeTestMethods(TestInvoker.java:147)
at org.testng.internal.TestMethodWorker.invokeTestMethods(TestMethodWorker.java:146)
at org.testng.internal.TestMethodWorker.run(TestMethodWorker.java:128)
at java.base/java.util.ArrayList.forEach(ArrayList.java:1511)
at org.testng.TestRunner.privateRun(TestRunner.java:764)
at org.testng.TestRunner.run(TestRunner.java:585)
at org.testng.SuiteRunner.runTest(SuiteRunner.java:384)
at org.testng.SuiteRunner.runSequentially(SuiteRunner.java:378)
at org.testng.SuiteRunner.privateRun(SuiteRunner.java:337)
at org.testng.SuiteRunner.run(SuiteRunner.java:286)
at org.testng.SuiteRunnerWorker.runSuite(SuiteRunnerWorker.java:53)
at org.testng.SuiteRunnerWorker.run(SuiteRunnerWorker.java:96)
at org.testng.TestNG.runSuitesSequentially(TestNG.java:1218)
at org.testng.TestNG.runSuitesLocally(TestNG.java:1140)
at org.testng.TestNG.runSuites(TestNG.java:1069)
at org.testng.TestNG.run(TestNG.java:1037)
at org.testng.remote.AbstractRemoteTestNG.run(AbstractRemoteTestNG.java:115)
at org.testng.remote.RemoteTestNG.initAndRun(RemoteTestNG.java:251)
at org.testng.remote.RemoteTestNG.main(RemoteTestNG.java:77)
]]>
            </full-stacktrace>
          </exception> <!-- java.lang.NullPointerException -->
          <reporter-output>
          </reporter-output>
        </test-method> <!-- login_home -->
      </class> <!-- com.testdemo.unittest.login -->
      <class name="com.testdemo.unittest.extent_reports">
        <test-method signature="test()[pri:0, instance:com.testdemo.unittest.extent_reports@49d904ec]" started-at="2022-07-09T23:45:30 IST" name="test" finished-at="2022-07-09T23:45:30 IST" duration-ms="213" status="PASS">
          <reporter-output>
          </reporter-output>
        </test-method> <!-- test -->
      </class> <!-- com.testdemo.unittest.extent_reports -->
      <class name="com.testdemo.Testcases.Logintest">
        <test-method is-config="true" signature="StattusReport()[pri:0, instance:com.testdemo.Testcases.Logintest@6f96c77]" started-at="2022-07-09T23:44:44 IST" name="StattusReport" finished-at="2022-07-09T23:44:44 IST" duration-ms="409" status="PASS">
          <reporter-output>
          </reporter-output>
        </test-method> <!-- StattusReport -->
        <test-method is-config="true" signature="StartSession()[pri:0, instance:com.testdemo.Testcases.Logintest@6f96c77]" started-at="2022-07-09T23:44:44 IST" name="StartSession" finished-at="2022-07-09T23:44:58 IST" duration-ms="13844" status="PASS">
          <reporter-output>
          </reporter-output>
        </test-method> <!-- StartSession -->
        <test-method signature="test()[pri:0, instance:com.testdemo.Testcases.Logintest@6f96c77]" started-at="2022-07-09T23:44:58 IST" name="test" finished-at="2022-07-09T23:45:09 IST" duration-ms="10584" status="PASS">
          <reporter-output>
          </reporter-output>
        </test-method> <!-- test -->
        <test-method is-config="true" signature="ResultReport(org.testng.ITestResult)[pri:0, instance:com.testdemo.Testcases.Logintest@6f96c77]" started-at="2022-07-09T23:45:09 IST" name="ResultReport" finished-at="2022-07-09T23:45:10 IST" duration-ms="1127" status="PASS">
          <params>
            <param index="0">
              <value>
                <![CDATA[[TestResult name=test status=SUCCESS method=Logintest.test()[pri:0, instance:com.testdemo.Testcases.Logintest@6f96c77] output={null}]]]>
              </value>
            </param>
          </params>
          <reporter-output>
          </reporter-output>
        </test-method> <!-- ResultReport -->
        <test-method is-config="true" signature="EndSession()[pri:0, instance:com.testdemo.Testcases.Logintest@6f96c77]" started-at="2022-07-09T23:45:10 IST" name="EndSession" finished-at="2022-07-09T23:45:10 IST" duration-ms="172" status="PASS">
          <reporter-output>
          </reporter-output>
        </test-method> <!-- EndSession -->
      </class> <!-- com.testdemo.Testcases.Logintest -->
      <class name="com.testdemo.Testcases.LogoutTest">
        <test-method is-config="true" signature="StartSession()[pri:0, instance:com.testdemo.Testcases.LogoutTest@3ba9ad43]" started-at="2022-07-09T23:45:10 IST" name="StartSession" finished-at="2022-07-09T23:45:21 IST" duration-ms="11147" status="PASS">
          <reporter-output>
          </reporter-output>
        </test-method> <!-- StartSession -->
        <test-method signature="test()[pri:0, instance:com.testdemo.Testcases.LogoutTest@3ba9ad43]" started-at="2022-07-09T23:45:21 IST" name="test" finished-at="2022-07-09T23:45:29 IST" duration-ms="8108" status="PASS">
          <reporter-output>
          </reporter-output>
        </test-method> <!-- test -->
        <test-method is-config="true" signature="ResultReport(org.testng.ITestResult)[pri:0, instance:com.testdemo.Testcases.LogoutTest@3ba9ad43]" started-at="2022-07-09T23:45:29 IST" name="ResultReport" finished-at="2022-07-09T23:45:30 IST" duration-ms="357" status="PASS">
          <params>
            <param index="0">
              <value>
                <![CDATA[[TestResult name=test status=SUCCESS method=LogoutTest.test()[pri:0, instance:com.testdemo.Testcases.LogoutTest@3ba9ad43] output={null}]]]>
              </value>
            </param>
          </params>
          <reporter-output>
          </reporter-output>
        </test-method> <!-- ResultReport -->
        <test-method is-config="true" signature="EndSession()[pri:0, instance:com.testdemo.Testcases.LogoutTest@3ba9ad43]" started-at="2022-07-09T23:45:30 IST" name="EndSession" finished-at="2022-07-09T23:45:30 IST" duration-ms="275" status="PASS">
          <reporter-output>
          </reporter-output>
        </test-method> <!-- EndSession -->
      </class> <!-- com.testdemo.Testcases.LogoutTest -->
      <class name="com.testdemo.unittest.Configdatareder">
        <test-method signature="readconfigfile()[pri:0, instance:com.testdemo.unittest.Configdatareder@48e4374]" started-at="2022-07-09T23:45:30 IST" name="readconfigfile" finished-at="2022-07-09T23:45:30 IST" duration-ms="9" status="PASS">
          <reporter-output>
          </reporter-output>
        </test-method> <!-- readconfigfile -->
      </class> <!-- com.testdemo.unittest.Configdatareder -->
    </test> <!-- Default test -->
  </suite> <!-- Default suite -->
</testng-results>
